# JRE version: OpenJDK Runtime Environment JBR-11.0.8.10-944.31-jcef (11.0.8+10) (build 11.0.8+10-b944.31)
# Java VM: OpenJDK 64-Bit Server VM JBR-11.0.8.10-944.31-jcef (11.0.8+10-b944.31, mixed mode, tiered, compressed oops, concurrent mark sweep gc, linux-amd64)
Heap:
 par new generation   total 39296K, used 31737K [0x00000000d1200000, 0x00000000d3ca0000, 0x00000000e0c00000)
  eden space 34944K,  90% used [0x00000000d1200000, 0x00000000d30fc610, 0x00000000d3420000)
  from space 4352K,   0% used [0x00000000d3420000, 0x00000000d34221b8, 0x00000000d3860000)
  to   space 4352K,   0% used [0x00000000d3860000, 0x00000000d3860000, 0x00000000d3ca0000)
 concurrent mark-sweep generation total 495648K, used 392144K [0x00000000e0c00000, 0x00000000ff008000, 0x0000000100000000)
 Metaspace       used 334817K, capacity 345723K, committed 346080K, reserved 1349632K
  class space    used 41064K, capacity 45307K, committed 45428K, reserved 1048576K
GC Heap History (20 events):
Event: 28033,524 GC heap before
{Heap before GC invocations=578 (full 9):
 par new generation   total 39296K, used 34954K [0x00000000d1200000, 0x00000000d3ca0000, 0x00000000e0c00000)
  eden space 34944K, 100% used [0x00000000d1200000, 0x00000000d3420000, 0x00000000d3420000)
  from space 4352K,   0% used [0x00000000d3420000, 0x00000000d34229c8, 0x00000000d3860000)
  to   space 4352K,   0% used [0x00000000d3860000, 0x00000000d3860000, 0x00000000d3ca0000)
 concurrent mark-sweep generation total 495648K, used 392143K [0x00000000e0c00000, 0x00000000ff008000, 0x0000000100000000)
 Metaspace       used 334797K, capacity 345720K, committed 346080K, reserved 1349632K
  class space    used 41062K, capacity 45306K, committed 45428K, reserved 1048576K
}
Event: 28033,528 GC heap after
{Heap after GC invocations=579 (full 9):
 par new generation   total 39296K, used 8K [0x00000000d1200000, 0x00000000d3ca0000, 0x00000000e0c00000)
  eden space 34944K,   0% used [0x00000000d1200000, 0x00000000d1200000, 0x00000000d3420000)
  from space 4352K,   0% used [0x00000000d3860000, 0x00000000d38621b8, 0x00000000d3ca0000)
  to   space 4352K,   0% used [0x00000000d3420000, 0x00000000d3420000, 0x00000000d3860000)
 concurrent mark-sweep generation total 495648K, used 392144K [0x00000000e0c00000, 0x00000000ff008000, 0x0000000100000000)
 Metaspace       used 334797K, capacity 345720K, committed 346080K, reserved 1349632K
  class space    used 41062K, capacity 45306K, committed 45428K, reserved 1048576K
}
Event: 28500,331 GC heap before
{Heap before GC invocations=579 (full 9):
 par new generation   total 39296K, used 34952K [0x00000000d1200000, 0x00000000d3ca0000, 0x00000000e0c00000)
  eden space 34944K, 100% used [0x00000000d1200000, 0x00000000d3420000, 0x00000000d3420000)
  from space 4352K,   0% used [0x00000000d3860000, 0x00000000d38621b8, 0x00000000d3ca0000)
  to   space 4352K,   0% used [0x00000000d3420000, 0x00000000d3420000, 0x00000000d3860000)
 concurrent mark-sweep generation total 495648K, used 392144K [0x00000000e0c00000, 0x00000000ff008000, 0x0000000100000000)
 Metaspace       used 334797K, capacity 345720K, committed 346080K, reserved 1349632K
  class space    used 41062K, capacity 45306K, committed 45428K, reserved 1048576K
}
Event: 28500,337 GC heap after
{Heap after GC invocations=580 (full 9):
 par new generation   total 39296K, used 10K [0x00000000d1200000, 0x00000000d3ca0000, 0x00000000e0c00000)
  eden space 34944K,   0% used [0x00000000d1200000, 0x00000000d1200000, 0x00000000d3420000)
  from space 4352K,   0% used [0x00000000d3420000, 0x00000000d3422850, 0x00000000d3860000)
  to   space 4352K,   0% used [0x00000000d3860000, 0x00000000d3860000, 0x00000000d3ca0000)
 concurrent mark-sweep generation total 495648K, used 392144K [0x00000000e0c00000, 0x00000000ff008000, 0x0000000100000000)
 Metaspace       used 334797K, capacity 345720K, committed 346080K, reserved 1349632K
  class space    used 41062K, capacity 45306K, committed 45428K, reserved 1048576K
}
Event: 28966,568 GC heap before
{Heap before GC invocations=580 (full 9):
 par new generation   total 39296K, used 34954K [0x00000000d1200000, 0x00000000d3ca0000, 0x00000000e0c00000)
  eden space 34944K, 100% used [0x00000000d1200000, 0x00000000d3420000, 0x00000000d3420000)
  from space 4352K,   0% used [0x00000000d3420000, 0x00000000d3422850, 0x00000000d3860000)
  to   space 4352K,   0% used [0x00000000d3860000, 0x00000000d3860000, 0x00000000d3ca0000)
 concurrent mark-sweep generation total 495648K, used 392144K [0x00000000e0c00000, 0x00000000ff008000, 0x0000000100000000)
 Metaspace       used 334797K, capacity 345720K, committed 346080K, reserved 1349632K
  class space    used 41062K, capacity 45306K, committed 45428K, reserved 1048576K
}
Event: 28966,574 GC heap after
{Heap after GC invocations=581 (full 9):
 par new generation   total 39296K, used 8K [0x00000000d1200000, 0x00000000d3ca0000, 0x00000000e0c00000)
  eden space 34944K,   0% used [0x00000000d1200000, 0x00000000d1200000, 0x00000000d3420000)
  from space 4352K,   0% used [0x00000000d3860000, 0x00000000d38621b8, 0x00000000d3ca0000)
  to   space 4352K,   0% used [0x00000000d3420000, 0x00000000d3420000, 0x00000000d3860000)
 concurrent mark-sweep generation total 495648K, used 392144K [0x00000000e0c00000, 0x00000000ff008000, 0x0000000100000000)
 Metaspace       used 334797K, capacity 345720K, committed 346080K, reserved 1349632K
  class space    used 41062K, capacity 45306K, committed 45428K, reserved 1048576K
}
Event: 29431,917 GC heap before
{Heap before GC invocations=581 (full 9):
 par new generation   total 39296K, used 34952K [0x00000000d1200000, 0x00000000d3ca0000, 0x00000000e0c00000)
  eden space 34944K, 100% used [0x00000000d1200000, 0x00000000d3420000, 0x00000000d3420000)
  from space 4352K,   0% used [0x00000000d3860000, 0x00000000d38621b8, 0x00000000d3ca0000)
  to   space 4352K,   0% used [0x00000000d3420000, 0x00000000d3420000, 0x00000000d3860000)
 concurrent mark-sweep generation total 495648K, used 392144K [0x00000000e0c00000, 0x00000000ff008000, 0x0000000100000000)
 Metaspace       used 334800K, capacity 345720K, committed 346080K, reserved 1349632K
  class space    used 41062K, capacity 45306K, committed 45428K, reserved 1048576K
}
Event: 29431,920 GC heap after
{Heap after GC invocations=582 (full 9):
 par new generation   total 39296K, used 6K [0x00000000d1200000, 0x00000000d3ca0000, 0x00000000e0c00000)
  eden space 34944K,   0% used [0x00000000d1200000, 0x00000000d1200000, 0x00000000d3420000)
  from space 4352K,   0% used [0x00000000d3420000, 0x00000000d3421830, 0x00000000d3860000)
  to   space 4352K,   0% used [0x00000000d3860000, 0x00000000d3860000, 0x00000000d3ca0000)
 concurrent mark-sweep generation total 495648K, used 392144K [0x00000000e0c00000, 0x00000000ff008000, 0x0000000100000000)
 Metaspace       used 334800K, capacity 345720K, committed 346080K, reserved 1349632K
  class space    used 41062K, capacity 45306K, committed 45428K, reserved 1048576K
}
Event: 29898,805 GC heap before
{Heap before GC invocations=582 (full 9):
 par new generation   total 39296K, used 34950K [0x00000000d1200000, 0x00000000d3ca0000, 0x00000000e0c00000)
  eden space 34944K, 100% used [0x00000000d1200000, 0x00000000d3420000, 0x00000000d3420000)
  from space 4352K,   0% used [0x00000000d3420000, 0x00000000d3421830, 0x00000000d3860000)
  to   space 4352K,   0% used [0x00000000d3860000, 0x00000000d3860000, 0x00000000d3ca0000)
 concurrent mark-sweep generation total 495648K, used 392144K [0x00000000e0c00000, 0x00000000ff008000, 0x0000000100000000)
 Metaspace       used 334800K, capacity 345720K, committed 346080K, reserved 1349632K
  class space    used 41062K, capacity 45306K, committed 45428K, reserved 1048576K
}
Event: 29898,809 GC heap after
{Heap after GC invocations=583 (full 9):
 par new generation   total 39296K, used 6K [0x00000000d1200000, 0x00000000d3ca0000, 0x00000000e0c00000)
  eden space 34944K,   0% used [0x00000000d1200000, 0x00000000d1200000, 0x00000000d3420000)
  from space 4352K,   0% used [0x00000000d3860000, 0x00000000d3861830, 0x00000000d3ca0000)
  to   space 4352K,   0% used [0x00000000d3420000, 0x00000000d3420000, 0x00000000d3860000)
 concurrent mark-sweep generation total 495648K, used 392144K [0x00000000e0c00000, 0x00000000ff008000, 0x0000000100000000)
 Metaspace       used 334800K, capacity 345720K, committed 346080K, reserved 1349632K
  class space    used 41062K, capacity 45306K, committed 45428K, reserved 1048576K
}
Event: 30363,630 GC heap before
{Heap before GC invocations=583 (full 9):
 par new generation   total 39296K, used 34950K [0x00000000d1200000, 0x00000000d3ca0000, 0x00000000e0c00000)
  eden space 34944K, 100% used [0x00000000d1200000, 0x00000000d3420000, 0x00000000d3420000)
  from space 4352K,   0% used [0x00000000d3860000, 0x00000000d3861830, 0x00000000d3ca0000)
  to   space 4352K,   0% used [0x00000000d3420000, 0x00000000d3420000, 0x00000000d3860000)
 concurrent mark-sweep generation total 495648K, used 392144K [0x00000000e0c00000, 0x00000000ff008000, 0x0000000100000000)
 Metaspace       used 334800K, capacity 345720K, committed 346080K, reserved 1349632K
  class space    used 41062K, capacity 45306K, committed 45428K, reserved 1048576K
}
Event: 30363,633 GC heap after
{Heap after GC invocations=584 (full 9):
 par new generation   total 39296K, used 8K [0x00000000d1200000, 0x00000000d3ca0000, 0x00000000e0c00000)
  eden space 34944K,   0% used [0x00000000d1200000, 0x00000000d1200000, 0x00000000d3420000)
  from space 4352K,   0% used [0x00000000d3420000, 0x00000000d3422040, 0x00000000d3860000)
  to   space 4352K,   0% used [0x00000000d3860000, 0x00000000d3860000, 0x00000000d3ca0000)
 concurrent mark-sweep generation total 495648K, used 392144K [0x00000000e0c00000, 0x00000000ff008000, 0x0000000100000000)
 Metaspace       used 334800K, capacity 345720K, committed 346080K, reserved 1349632K
  class space    used 41062K, capacity 45306K, committed 45428K, reserved 1048576K
}
Event: 30828,342 GC heap before
{Heap before GC invocations=584 (full 9):
 par new generation   total 39296K, used 34952K [0x00000000d1200000, 0x00000000d3ca0000, 0x00000000e0c00000)
  eden space 34944K, 100% used [0x00000000d1200000, 0x00000000d3420000, 0x00000000d3420000)
  from space 4352K,   0% used [0x00000000d3420000, 0x00000000d3422040, 0x00000000d3860000)
  to   space 4352K,   0% used [0x00000000d3860000, 0x00000000d3860000, 0x00000000d3ca0000)
 concurrent mark-sweep generation total 495648K, used 392144K [0x00000000e0c00000, 0x00000000ff008000, 0x0000000100000000)
 Metaspace       used 334802K, capacity 345720K, committed 346080K, reserved 1349632K
  class space    used 41062K, capacity 45306K, committed 45428K, reserved 1048576K
}
Event: 30828,348 GC heap after
{Heap after GC invocations=585 (full 9):
 par new generation   total 39296K, used 8K [0x00000000d1200000, 0x00000000d3ca0000, 0x00000000e0c00000)
  eden space 34944K,   0% used [0x00000000d1200000, 0x00000000d1200000, 0x00000000d3420000)
  from space 4352K,   0% used [0x00000000d3860000, 0x00000000d3862040, 0x00000000d3ca0000)
  to   space 4352K,   0% used [0x00000000d3420000, 0x00000000d3420000, 0x00000000d3860000)
 concurrent mark-sweep generation total 495648K, used 392144K [0x00000000e0c00000, 0x00000000ff008000, 0x0000000100000000)
 Metaspace       used 334802K, capacity 345720K, committed 346080K, reserved 1349632K
  class space    used 41062K, capacity 45306K, committed 45428K, reserved 1048576K
}
Event: 31294,969 GC heap before
{Heap before GC invocations=585 (full 9):
 par new generation   total 39296K, used 34952K [0x00000000d1200000, 0x00000000d3ca0000, 0x00000000e0c00000)
  eden space 34944K, 100% used [0x00000000d1200000, 0x00000000d3420000, 0x00000000d3420000)
  from space 4352K,   0% used [0x00000000d3860000, 0x00000000d3862040, 0x00000000d3ca0000)
  to   space 4352K,   0% used [0x00000000d3420000, 0x00000000d3420000, 0x00000000d3860000)
 concurrent mark-sweep generation total 495648K, used 392144K [0x00000000e0c00000, 0x00000000ff008000, 0x0000000100000000)
 Metaspace       used 334802K, capacity 345720K, committed 346080K, reserved 1349632K
  class space    used 41062K, capacity 45306K, committed 45428K, reserved 1048576K
}
Event: 31294,975 GC heap after
{Heap after GC invocations=586 (full 9):
 par new generation   total 39296K, used 8K [0x00000000d1200000, 0x00000000d3ca0000, 0x00000000e0c00000)
  eden space 34944K,   0% used [0x00000000d1200000, 0x00000000d1200000, 0x00000000d3420000)
  from space 4352K,   0% used [0x00000000d3420000, 0x00000000d3422040, 0x00000000d3860000)
  to   space 4352K,   0% used [0x00000000d3860000, 0x00000000d3860000, 0x00000000d3ca0000)
 concurrent mark-sweep generation total 495648K, used 392144K [0x00000000e0c00000, 0x00000000ff008000, 0x0000000100000000)
 Metaspace       used 334802K, capacity 345720K, committed 346080K, reserved 1349632K
  class space    used 41062K, capacity 45306K, committed 45428K, reserved 1048576K
}
Event: 31760,294 GC heap before
{Heap before GC invocations=586 (full 9):
 par new generation   total 39296K, used 34952K [0x00000000d1200000, 0x00000000d3ca0000, 0x00000000e0c00000)
  eden space 34944K, 100% used [0x00000000d1200000, 0x00000000d3420000, 0x00000000d3420000)
  from space 4352K,   0% used [0x00000000d3420000, 0x00000000d3422040, 0x00000000d3860000)
  to   space 4352K,   0% used [0x00000000d3860000, 0x00000000d3860000, 0x00000000d3ca0000)
 concurrent mark-sweep generation total 495648K, used 392144K [0x00000000e0c00000, 0x00000000ff008000, 0x0000000100000000)
 Metaspace       used 334802K, capacity 345720K, committed 346080K, reserved 1349632K
  class space    used 41062K, capacity 45306K, committed 45428K, reserved 1048576K
}
Event: 31760,299 GC heap after
{Heap after GC invocations=587 (full 9):
 par new generation   total 39296K, used 8K [0x00000000d1200000, 0x00000000d3ca0000, 0x00000000e0c00000)
  eden space 34944K,   0% used [0x00000000d1200000, 0x00000000d1200000, 0x00000000d3420000)
  from space 4352K,   0% used [0x00000000d3860000, 0x00000000d3862040, 0x00000000d3ca0000)
  to   space 4352K,   0% used [0x00000000d3420000, 0x00000000d3420000, 0x00000000d3860000)
 concurrent mark-sweep generation total 495648K, used 392144K [0x00000000e0c00000, 0x00000000ff008000, 0x0000000100000000)
 Metaspace       used 334802K, capacity 345720K, committed 346080K, reserved 1349632K
  class space    used 41062K, capacity 45306K, committed 45428K, reserved 1048576K
}
Event: 32225,350 GC heap before
{Heap before GC invocations=587 (full 9):
 par new generation   total 39296K, used 34952K [0x00000000d1200000, 0x00000000d3ca0000, 0x00000000e0c00000)
  eden space 34944K, 100% used [0x00000000d1200000, 0x00000000d3420000, 0x00000000d3420000)
  from space 4352K,   0% used [0x00000000d3860000, 0x00000000d3862040, 0x00000000d3ca0000)
  to   space 4352K,   0% used [0x00000000d3420000, 0x00000000d3420000, 0x00000000d3860000)
 concurrent mark-sweep generation total 495648K, used 392144K [0x00000000e0c00000, 0x00000000ff008000, 0x0000000100000000)
 Metaspace       used 334802K, capacity 345720K, committed 346080K, reserved 1349632K
  class space    used 41062K, capacity 45306K, committed 45428K, reserved 1048576K
}
Event: 32225,355 GC heap after
{Heap after GC invocations=588 (full 9):
 par new generation   total 39296K, used 8K [0x00000000d1200000, 0x00000000d3ca0000, 0x00000000e0c00000)
  eden space 34944K,   0% used [0x00000000d1200000, 0x00000000d1200000, 0x00000000d3420000)
  from space 4352K,   0% used [0x00000000d3420000, 0x00000000d34221b8, 0x00000000d3860000)
  to   space 4352K,   0% used [0x00000000d3860000, 0x00000000d3860000, 0x00000000d3ca0000)
 concurrent mark-sweep generation total 495648K, used 392144K [0x00000000e0c00000, 0x00000000ff008000, 0x0000000100000000)
 Metaspace       used 334802K, capacity 345720K, committed 346080K, reserved 1349632K
  class space    used 41062K, capacity 45306K, committed 45428K, reserved 1048576K
}

